<?xml version="1.0" encoding="UTF-8"?>
<!-- Generated by org.testng.reporters.JUnitXMLReporter -->
<testsuite ignored="1" hostname="Nav" failures="0" tests="1" name="Default test" time="8.905" errors="0" timestamp="2022-12-28T13:48:46 EST">
  <testcase classname="com.naveenautomation.Tests.MyAccountTest" name="verifyUserIsAbleToUpdatePhoneNumber" time="1.411"/>
  <testcase classname="com.naveenautomation.Tests.MyAccountTest" name="verifyUserIsAbleToSubscribeNewsLetter" time="0.0">
    <ignored/>
  </testcase> <!-- verifyUserIsAbleToSubscribeNewsLetter -->
</testsuite> <!-- Default test -->
